[ 2017-03-02T08:38:56+08:00 ] 127.0.0.1 /HLcmsAPI/HLcms/login/phoneNumber/13470745960/phonePass/123456
INFO: [ app_init ] --START--
INFO: Run Behavior\BuildLiteBehavior [ RunTime:0.000000s ]
INFO: [ app_init ] --END-- [ RunTime:0.035002s ]
INFO: [ app_begin ] --START--
INFO: Run Behavior\ReadHtmlCacheBehavior [ RunTime:0.011001s ]
INFO: [ app_begin ] --END-- [ RunTime:0.011001s ]
SQL: SHOW COLUMNS FROM `hl_phoner` [ RunTime:0.0630s ]
SQL: SELECT * FROM `hl_phoner` WHERE ( phone_number = '13470745960' )  [ RunTime:0.0000s ]
INFO: [ app_end ] --START--
INFO: Run Behavior\ShowPageTraceBehavior [ RunTime:0.015001s ]
INFO: [ app_end ] --END-- [ RunTime:0.016001s ]

[ 2017-03-02T09:04:45+08:00 ] 192.168.1.158 /HLcmsAPI/HLcms/getAreas
INFO: [ app_init ] --START--
INFO: Run Behavior\BuildLiteBehavior [ RunTime:0.000000s ]
INFO: [ app_init ] --END-- [ RunTime:0.000000s ]
INFO: [ app_begin ] --START--
INFO: Run Behavior\ReadHtmlCacheBehavior [ RunTime:0.000000s ]
INFO: [ app_begin ] --END-- [ RunTime:0.000000s ]
SQL: SHOW COLUMNS FROM `hl_area` [ RunTime:0.0640s ]
SQL: SELECT `id`,`name` FROM `hl_area` WHERE `type` = 2  [ RunTime:0.0010s ]
INFO: [ app_end ] --START--
INFO: Run Behavior\ShowPageTraceBehavior [ RunTime:0.000000s ]
INFO: [ app_end ] --END-- [ RunTime:0.000000s ]

[ 2017-03-02T09:04:49+08:00 ] 192.168.1.158 /HLcmsAPI/HLcms/setUserInfo?area_id=3
INFO: [ app_init ] --START--
INFO: Run Behavior\BuildLiteBehavior [ RunTime:0.000000s ]
INFO: [ app_init ] --END-- [ RunTime:0.000000s ]
INFO: [ app_begin ] --START--
INFO: Run Behavior\ReadHtmlCacheBehavior [ RunTime:0.001000s ]
INFO: [ app_begin ] --END-- [ RunTime:0.001000s ]
SQL: SHOW COLUMNS FROM `hl_phoner` [ RunTime:0.0110s ]
SQL: UPDATE `hl_phoner` SET `user_name`='',`name`='',`sex`='0',`area_id`='3',`address`='' WHERE `phone_number` = '17681952933' [ RunTime:0.1130s ]
INFO: [ app_end ] --START--
INFO: Run Behavior\ShowPageTraceBehavior [ RunTime:0.000000s ]
INFO: [ app_end ] --END-- [ RunTime:0.000000s ]

[ 2017-03-02T09:06:12+08:00 ] 192.168.1.158 /HLcmsAPI/HLcms/getAreas
INFO: [ app_init ] --START--
INFO: Run Behavior\BuildLiteBehavior [ RunTime:0.000000s ]
INFO: [ app_init ] --END-- [ RunTime:0.000000s ]
INFO: [ app_begin ] --START--
INFO: Run Behavior\ReadHtmlCacheBehavior [ RunTime:0.000000s ]
INFO: [ app_begin ] --END-- [ RunTime:0.000000s ]
SQL: SHOW COLUMNS FROM `hl_area` [ RunTime:0.0090s ]
SQL: SELECT `id`,`name` FROM `hl_area` WHERE `type` = 2  [ RunTime:0.0000s ]
INFO: [ app_end ] --START--
INFO: Run Behavior\ShowPageTraceBehavior [ RunTime:0.001000s ]
INFO: [ app_end ] --END-- [ RunTime:0.001000s ]

[ 2017-03-02T09:07:38+08:00 ] 192.168.1.158 /HLcmsAPI/HLcms/getNode?nodeID=2
INFO: [ app_init ] --START--
INFO: Run Behavior\BuildLiteBehavior [ RunTime:0.000000s ]
INFO: [ app_init ] --END-- [ RunTime:0.001000s ]
INFO: [ app_begin ] --START--
INFO: Run Behavior\ReadHtmlCacheBehavior [ RunTime:0.000000s ]
INFO: [ app_begin ] --END-- [ RunTime:0.001000s ]
SQL: SHOW COLUMNS FROM `hl_node` [ RunTime:0.0110s ]
SQL: SHOW COLUMNS FROM `hl_content` [ RunTime:0.0120s ]
SQL: SELECT `style` FROM `hl_node` WHERE `id` = 2 LIMIT 1   [ RunTime:0.0010s ]
SQL: SELECT * FROM `hl_node` WHERE `pid` = 2 AND `style` = 2 ORDER BY id asc  [ RunTime:0.0010s ]
SQL: SELECT `id`,`title`,`pic`,`videos` FROM `hl_content` WHERE `node_id` = '14' AND `status` = 2 AND `types` in(100, 101) ORDER BY id desc LIMIT 1   [ RunTime:0.0200s ]
SQL: SELECT * FROM `hl_node` WHERE `pid` = 14  [ RunTime:0.0010s ]
SQL: SELECT `id`,`title`,`title_pic`,`types`,`release_time`,`node_id` FROM `hl_content` WHERE `node_id` = '23' AND `status` = 2 AND `types`  not in(100, 101)  ORDER BY orders desc  [ RunTime:0.0010s ]
INFO: [ app_end ] --START--
INFO: Run Behavior\ShowPageTraceBehavior [ RunTime:0.000000s ]
INFO: [ app_end ] --END-- [ RunTime:0.000000s ]

[ 2017-03-02T09:07:38+08:00 ] 192.168.1.158 /HLcmsAPI/HLcms/getNode?nodeID=14
INFO: [ app_init ] --START--
INFO: Run Behavior\BuildLiteBehavior [ RunTime:0.000000s ]
INFO: [ app_init ] --END-- [ RunTime:0.000000s ]
INFO: [ app_begin ] --START--
INFO: Run Behavior\ReadHtmlCacheBehavior [ RunTime:0.001000s ]
INFO: [ app_begin ] --END-- [ RunTime:0.001000s ]
SQL: SHOW COLUMNS FROM `hl_node` [ RunTime:0.0110s ]
SQL: SHOW COLUMNS FROM `hl_content` [ RunTime:0.0110s ]
SQL: SELECT `style` FROM `hl_node` WHERE `id` = 14 LIMIT 1   [ RunTime:0.0010s ]
SQL: SELECT * FROM `hl_node` WHERE `id` = 14 LIMIT 1   [ RunTime:0.0010s ]
SQL: SELECT `id`,`title`,`pic`,`videos` FROM `hl_content` WHERE `node_id` = '14' AND `status` = 2 AND `types` in(100, 101) ORDER BY id desc LIMIT 1   [ RunTime:0.0030s ]
SQL: SELECT * FROM `hl_node` WHERE `pid` = 14  [ RunTime:0.0010s ]
SQL: SELECT `id`,`title`,`title_pic`,`types`,`release_time`,`node_id` FROM `hl_content` WHERE `node_id` = '23' AND `status` = 2 AND `types`  not in(100, 101)  ORDER BY orders desc  [ RunTime:0.0010s ]
INFO: [ app_end ] --START--
INFO: Run Behavior\ShowPageTraceBehavior [ RunTime:0.000000s ]
INFO: [ app_end ] --END-- [ RunTime:0.001000s ]

[ 2017-03-02T09:26:27+08:00 ] 192.168.1.157 /HLcmsAPI/HLcms/getNode/nodeID/2
INFO: [ app_init ] --START--
INFO: Run Behavior\BuildLiteBehavior [ RunTime:0.000000s ]
INFO: [ app_init ] --END-- [ RunTime:0.015600s ]
INFO: [ app_begin ] --START--
INFO: Run Behavior\ReadHtmlCacheBehavior [ RunTime:0.015600s ]
INFO: [ app_begin ] --END-- [ RunTime:0.015600s ]
SQL: SHOW COLUMNS FROM `hl_node` [ RunTime:0.0000s ]
SQL: SHOW COLUMNS FROM `hl_content` [ RunTime:0.0000s ]
SQL: SELECT `style` FROM `hl_node` WHERE `id` = 2 LIMIT 1   [ RunTime:0.0156s ]
SQL: SELECT * FROM `hl_node` WHERE `pid` = 2 AND `style` = 2 ORDER BY id asc  [ RunTime:0.0000s ]
SQL: SELECT `id`,`title`,`pic`,`videos` FROM `hl_content` WHERE `node_id` = '14' AND `status` = 2 AND `types` in(100, 101) ORDER BY id desc LIMIT 1   [ RunTime:0.0000s ]
SQL: SELECT * FROM `hl_node` WHERE `pid` = 14  [ RunTime:0.0000s ]
SQL: SELECT `id`,`title`,`title_pic`,`types`,`release_time`,`node_id` FROM `hl_content` WHERE `node_id` = '23' AND `status` = 2 AND `types`  not in(100, 101)  ORDER BY orders desc  [ RunTime:0.0000s ]
INFO: [ app_end ] --START--
INFO: Run Behavior\ShowPageTraceBehavior [ RunTime:0.015600s ]
INFO: [ app_end ] --END-- [ RunTime:0.015600s ]

[ 2017-03-02T10:18:06+08:00 ] 192.168.1.158 /HLcmsAPI/HLcms/getNode?nodeID=94
INFO: [ app_init ] --START--
INFO: Run Behavior\BuildLiteBehavior [ RunTime:0.000000s ]
INFO: [ app_init ] --END-- [ RunTime:0.006000s ]
INFO: [ app_begin ] --START--
INFO: Run Behavior\ReadHtmlCacheBehavior [ RunTime:0.001000s ]
INFO: [ app_begin ] --END-- [ RunTime:0.001000s ]
SQL: SHOW COLUMNS FROM `hl_node` [ RunTime:0.0410s ]
SQL: SHOW COLUMNS FROM `hl_content` [ RunTime:0.0160s ]
SQL: SELECT `style` FROM `hl_node` WHERE `id` = 94 LIMIT 1   [ RunTime:0.0110s ]
SQL: SELECT * FROM `hl_node` WHERE `id` = 94 LIMIT 1   [ RunTime:0.0000s ]
SQL: SELECT `id`,`title`,`pic`,`videos` FROM `hl_content` WHERE `node_id` = '94' AND `status` = 2 AND `types` in(100, 101) ORDER BY id desc LIMIT 1   [ RunTime:0.0010s ]
SQL: SELECT * FROM `hl_node` WHERE `pid` = 94  [ RunTime:0.0010s ]
SQL: SELECT `id`,`title`,`title_pic`,`types`,`release_time`,`node_id` FROM `hl_content` WHERE `node_id` = '96' AND `status` = 2 AND `types`  not in(100, 101)  ORDER BY orders desc  [ RunTime:0.0010s ]
SQL: SELECT `id`,`title`,`title_pic`,`types`,`release_time`,`node_id` FROM `hl_content` WHERE `node_id` = '97' AND `status` = 2 AND `types`  not in(100, 101)  ORDER BY orders desc  [ RunTime:0.0010s ]
SQL: SELECT `id`,`title`,`title_pic`,`types`,`release_time`,`node_id` FROM `hl_content` WHERE `node_id` = '98' AND `status` = 2 AND `types`  not in(100, 101)  ORDER BY orders desc  [ RunTime:0.0010s ]
SQL: SELECT `id`,`title`,`title_pic`,`types`,`release_time`,`node_id` FROM `hl_content` WHERE `node_id` = '99' AND `status` = 2 AND `types`  not in(100, 101)  ORDER BY orders desc  [ RunTime:0.0010s ]
SQL: SELECT `id`,`title`,`title_pic`,`types`,`release_time`,`node_id` FROM `hl_content` WHERE `node_id` = '100' AND `status` = 2 AND `types`  not in(100, 101)  ORDER BY orders desc  [ RunTime:0.0010s ]
INFO: [ app_end ] --START--
INFO: Run Behavior\ShowPageTraceBehavior [ RunTime:0.000000s ]
INFO: [ app_end ] --END-- [ RunTime:0.001000s ]

[ 2017-03-02T10:18:06+08:00 ] 192.168.1.158 /HLcmsAPI/HLcms/getNode?nodeID=96
INFO: [ app_init ] --START--
INFO: Run Behavior\BuildLiteBehavior [ RunTime:0.000000s ]
INFO: [ app_init ] --END-- [ RunTime:0.000000s ]
INFO: [ app_begin ] --START--
INFO: Run Behavior\ReadHtmlCacheBehavior [ RunTime:0.000000s ]
INFO: [ app_begin ] --END-- [ RunTime:0.001000s ]
SQL: SHOW COLUMNS FROM `hl_node` [ RunTime:0.0600s ]
SQL: SHOW COLUMNS FROM `hl_content` [ RunTime:0.0100s ]
SQL: SELECT `style` FROM `hl_node` WHERE `id` = 96 LIMIT 1   [ RunTime:0.0000s ]
SQL: SELECT `id`,`title`,`title_pic`,`types`,`release_time`,`node_id` FROM `hl_content` WHERE `node_id` = '96' AND `status` = 2 AND `types`  not in(100, 101)  ORDER BY orders desc  [ RunTime:0.0010s ]
INFO: [ app_end ] --START--
INFO: Run Behavior\ShowPageTraceBehavior [ RunTime:0.000000s ]
INFO: [ app_end ] --END-- [ RunTime:0.000000s ]

[ 2017-03-02T10:19:17+08:00 ] 192.168.1.158 /HLcmsAPI/HLcms/getNode?nodeID=94
INFO: [ app_init ] --START--
INFO: Run Behavior\BuildLiteBehavior [ RunTime:0.000000s ]
INFO: [ app_init ] --END-- [ RunTime:0.001000s ]
INFO: [ app_begin ] --START--
INFO: Run Behavior\ReadHtmlCacheBehavior [ RunTime:0.000000s ]
INFO: [ app_begin ] --END-- [ RunTime:0.000000s ]
SQL: SHOW COLUMNS FROM `hl_node` [ RunTime:0.0050s ]
SQL: SHOW COLUMNS FROM `hl_content` [ RunTime:0.0050s ]
SQL: SELECT `style` FROM `hl_node` WHERE `id` = 94 LIMIT 1   [ RunTime:0.0000s ]
SQL: SELECT * FROM `hl_node` WHERE `id` = 94 LIMIT 1   [ RunTime:0.0010s ]
SQL: SELECT `id`,`title`,`pic`,`videos` FROM `hl_content` WHERE `node_id` = '94' AND `status` = 2 AND `types` in(100, 101) ORDER BY id desc LIMIT 1   [ RunTime:0.0010s ]
SQL: SELECT * FROM `hl_node` WHERE `pid` = 94  [ RunTime:0.0010s ]
SQL: SELECT `id`,`title`,`title_pic`,`types`,`release_time`,`node_id` FROM `hl_content` WHERE `node_id` = '96' AND `status` = 2 AND `types`  not in(100, 101)  ORDER BY orders desc  [ RunTime:0.0010s ]
SQL: SELECT `id`,`title`,`title_pic`,`types`,`release_time`,`node_id` FROM `hl_content` WHERE `node_id` = '97' AND `status` = 2 AND `types`  not in(100, 101)  ORDER BY orders desc  [ RunTime:0.0010s ]
SQL: SELECT `id`,`title`,`title_pic`,`types`,`release_time`,`node_id` FROM `hl_content` WHERE `node_id` = '98' AND `status` = 2 AND `types`  not in(100, 101)  ORDER BY orders desc  [ RunTime:0.0010s ]
SQL: SELECT `id`,`title`,`title_pic`,`types`,`release_time`,`node_id` FROM `hl_content` WHERE `node_id` = '99' AND `status` = 2 AND `types`  not in(100, 101)  ORDER BY orders desc  [ RunTime:0.0010s ]
SQL: SELECT `id`,`title`,`title_pic`,`types`,`release_time`,`node_id` FROM `hl_content` WHERE `node_id` = '100' AND `status` = 2 AND `types`  not in(100, 101)  ORDER BY orders desc  [ RunTime:0.0000s ]
INFO: [ app_end ] --START--
INFO: Run Behavior\ShowPageTraceBehavior [ RunTime:0.000000s ]
INFO: [ app_end ] --END-- [ RunTime:0.000000s ]

[ 2017-03-02T10:19:17+08:00 ] 192.168.1.158 /HLcmsAPI/HLcms/getNode?nodeID=96
INFO: [ app_init ] --START--
INFO: Run Behavior\BuildLiteBehavior [ RunTime:0.000000s ]
INFO: [ app_init ] --END-- [ RunTime:0.000000s ]
INFO: [ app_begin ] --START--
INFO: Run Behavior\ReadHtmlCacheBehavior [ RunTime:0.000000s ]
INFO: [ app_begin ] --END-- [ RunTime:0.001000s ]
SQL: SHOW COLUMNS FROM `hl_node` [ RunTime:0.0030s ]
SQL: SHOW COLUMNS FROM `hl_content` [ RunTime:0.0030s ]
SQL: SELECT `style` FROM `hl_node` WHERE `id` = 96 LIMIT 1   [ RunTime:0.0000s ]
SQL: SELECT `id`,`title`,`title_pic`,`types`,`release_time`,`node_id` FROM `hl_content` WHERE `node_id` = '96' AND `status` = 2 AND `types`  not in(100, 101)  ORDER BY orders desc  [ RunTime:0.0000s ]
INFO: [ app_end ] --START--
INFO: Run Behavior\ShowPageTraceBehavior [ RunTime:0.000000s ]
INFO: [ app_end ] --END-- [ RunTime:0.000000s ]

[ 2017-03-02T10:19:26+08:00 ] 192.168.1.158 /HLcmsAPI/HLcms/getNode?nodeID=94
INFO: [ app_init ] --START--
INFO: Run Behavior\BuildLiteBehavior [ RunTime:0.000000s ]
INFO: [ app_init ] --END-- [ RunTime:0.000000s ]
INFO: [ app_begin ] --START--
INFO: Run Behavior\ReadHtmlCacheBehavior [ RunTime:0.001000s ]
INFO: [ app_begin ] --END-- [ RunTime:0.001000s ]
SQL: SHOW COLUMNS FROM `hl_node` [ RunTime:0.0220s ]
SQL: SHOW COLUMNS FROM `hl_content` [ RunTime:0.0130s ]
SQL: SELECT `style` FROM `hl_node` WHERE `id` = 94 LIMIT 1   [ RunTime:0.0010s ]
SQL: SELECT * FROM `hl_node` WHERE `id` = 94 LIMIT 1   [ RunTime:0.0010s ]
SQL: SELECT `id`,`title`,`pic`,`videos` FROM `hl_content` WHERE `node_id` = '94' AND `status` = 2 AND `types` in(100, 101) ORDER BY id desc LIMIT 1   [ RunTime:0.0020s ]
SQL: SELECT * FROM `hl_node` WHERE `pid` = 94  [ RunTime:0.0010s ]
SQL: SELECT `id`,`title`,`title_pic`,`types`,`release_time`,`node_id` FROM `hl_content` WHERE `node_id` = '96' AND `status` = 2 AND `types`  not in(100, 101)  ORDER BY orders desc  [ RunTime:0.0010s ]
SQL: SELECT `id`,`title`,`title_pic`,`types`,`release_time`,`node_id` FROM `hl_content` WHERE `node_id` = '97' AND `status` = 2 AND `types`  not in(100, 101)  ORDER BY orders desc  [ RunTime:0.0010s ]
SQL: SELECT `id`,`title`,`title_pic`,`types`,`release_time`,`node_id` FROM `hl_content` WHERE `node_id` = '98' AND `status` = 2 AND `types`  not in(100, 101)  ORDER BY orders desc  [ RunTime:0.0010s ]
SQL: SELECT `id`,`title`,`title_pic`,`types`,`release_time`,`node_id` FROM `hl_content` WHERE `node_id` = '99' AND `status` = 2 AND `types`  not in(100, 101)  ORDER BY orders desc  [ RunTime:0.0010s ]
SQL: SELECT `id`,`title`,`title_pic`,`types`,`release_time`,`node_id` FROM `hl_content` WHERE `node_id` = '100' AND `status` = 2 AND `types`  not in(100, 101)  ORDER BY orders desc  [ RunTime:0.0010s ]
INFO: [ app_end ] --START--
INFO: Run Behavior\ShowPageTraceBehavior [ RunTime:0.000000s ]
INFO: [ app_end ] --END-- [ RunTime:0.000000s ]

[ 2017-03-02T10:19:26+08:00 ] 192.168.1.158 /HLcmsAPI/HLcms/getNode?nodeID=96
INFO: [ app_init ] --START--
INFO: Run Behavior\BuildLiteBehavior [ RunTime:0.000000s ]
INFO: [ app_init ] --END-- [ RunTime:0.000000s ]
INFO: [ app_begin ] --START--
INFO: Run Behavior\ReadHtmlCacheBehavior [ RunTime:0.000000s ]
INFO: [ app_begin ] --END-- [ RunTime:0.000000s ]
SQL: SHOW COLUMNS FROM `hl_node` [ RunTime:0.0090s ]
SQL: SHOW COLUMNS FROM `hl_content` [ RunTime:0.0090s ]
SQL: SELECT `style` FROM `hl_node` WHERE `id` = 96 LIMIT 1   [ RunTime:0.0010s ]
SQL: SELECT `id`,`title`,`title_pic`,`types`,`release_time`,`node_id` FROM `hl_content` WHERE `node_id` = '96' AND `status` = 2 AND `types`  not in(100, 101)  ORDER BY orders desc  [ RunTime:0.0010s ]
INFO: [ app_end ] --START--
INFO: Run Behavior\ShowPageTraceBehavior [ RunTime:0.000000s ]
INFO: [ app_end ] --END-- [ RunTime:0.000000s ]

[ 2017-03-02T10:19:29+08:00 ] 192.168.1.158 /HLcmsAPI/HLcms/getNode?nodeID=94
INFO: [ app_init ] --START--
INFO: Run Behavior\BuildLiteBehavior [ RunTime:0.000000s ]
INFO: [ app_init ] --END-- [ RunTime:0.001001s ]
INFO: [ app_begin ] --START--
INFO: Run Behavior\ReadHtmlCacheBehavior [ RunTime:0.000000s ]
INFO: [ app_begin ] --END-- [ RunTime:0.000000s ]
SQL: SHOW COLUMNS FROM `hl_node` [ RunTime:0.0110s ]
SQL: SHOW COLUMNS FROM `hl_content` [ RunTime:0.0080s ]
SQL: SELECT `style` FROM `hl_node` WHERE `id` = 94 LIMIT 1   [ RunTime:0.0010s ]
SQL: SELECT * FROM `hl_node` WHERE `id` = 94 LIMIT 1   [ RunTime:0.0000s ]
SQL: SELECT `id`,`title`,`pic`,`videos` FROM `hl_content` WHERE `node_id` = '94' AND `status` = 2 AND `types` in(100, 101) ORDER BY id desc LIMIT 1   [ RunTime:0.0000s ]
SQL: SELECT * FROM `hl_node` WHERE `pid` = 94  [ RunTime:0.0010s ]
SQL: SELECT `id`,`title`,`title_pic`,`types`,`release_time`,`node_id` FROM `hl_content` WHERE `node_id` = '96' AND `status` = 2 AND `types`  not in(100, 101)  ORDER BY orders desc  [ RunTime:0.0010s ]
SQL: SELECT `id`,`title`,`title_pic`,`types`,`release_time`,`node_id` FROM `hl_content` WHERE `node_id` = '97' AND `status` = 2 AND `types`  not in(100, 101)  ORDER BY orders desc  [ RunTime:0.0000s ]
SQL: SELECT `id`,`title`,`title_pic`,`types`,`release_time`,`node_id` FROM `hl_content` WHERE `node_id` = '98' AND `status` = 2 AND `types`  not in(100, 101)  ORDER BY orders desc  [ RunTime:0.0000s ]
SQL: SELECT `id`,`title`,`title_pic`,`types`,`release_time`,`node_id` FROM `hl_content` WHERE `node_id` = '99' AND `status` = 2 AND `types`  not in(100, 101)  ORDER BY orders desc  [ RunTime:0.0000s ]
SQL: SELECT `id`,`title`,`title_pic`,`types`,`release_time`,`node_id` FROM `hl_content` WHERE `node_id` = '100' AND `status` = 2 AND `types`  not in(100, 101)  ORDER BY orders desc  [ RunTime:0.0000s ]
INFO: [ app_end ] --START--
INFO: Run Behavior\ShowPageTraceBehavior [ RunTime:0.001000s ]
INFO: [ app_end ] --END-- [ RunTime:0.001000s ]

[ 2017-03-02T10:19:29+08:00 ] 192.168.1.158 /HLcmsAPI/HLcms/getNode?nodeID=97
INFO: [ app_init ] --START--
INFO: Run Behavior\BuildLiteBehavior [ RunTime:0.000000s ]
INFO: [ app_init ] --END-- [ RunTime:0.000000s ]
INFO: [ app_begin ] --START--
INFO: Run Behavior\ReadHtmlCacheBehavior [ RunTime:0.000000s ]
INFO: [ app_begin ] --END-- [ RunTime:0.000000s ]
SQL: SHOW COLUMNS FROM `hl_node` [ RunTime:0.0060s ]
SQL: SHOW COLUMNS FROM `hl_content` [ RunTime:0.0070s ]
SQL: SELECT `style` FROM `hl_node` WHERE `id` = 97 LIMIT 1   [ RunTime:0.0000s ]
SQL: SELECT `id`,`title`,`title_pic`,`types`,`release_time`,`node_id` FROM `hl_content` WHERE `node_id` = '97' AND `status` = 2 AND `types`  not in(100, 101)  ORDER BY orders desc  [ RunTime:0.0010s ]
INFO: [ app_end ] --START--
INFO: Run Behavior\ShowPageTraceBehavior [ RunTime:0.000000s ]
INFO: [ app_end ] --END-- [ RunTime:0.000000s ]

[ 2017-03-02T10:20:49+08:00 ] 192.168.1.158 /HLcmsAPI/HLcms/getNode?nodeID=94
INFO: [ app_init ] --START--
INFO: Run Behavior\BuildLiteBehavior [ RunTime:0.000000s ]
INFO: [ app_init ] --END-- [ RunTime:0.000000s ]
INFO: [ app_begin ] --START--
INFO: Run Behavior\ReadHtmlCacheBehavior [ RunTime:0.001000s ]
INFO: [ app_begin ] --END-- [ RunTime:0.001000s ]
SQL: SHOW COLUMNS FROM `hl_node` [ RunTime:0.0070s ]
SQL: SHOW COLUMNS FROM `hl_content` [ RunTime:0.0060s ]
SQL: SELECT `style` FROM `hl_node` WHERE `id` = 94 LIMIT 1   [ RunTime:0.0000s ]
SQL: SELECT * FROM `hl_node` WHERE `id` = 94 LIMIT 1   [ RunTime:0.0010s ]
SQL: SELECT `id`,`title`,`pic`,`videos` FROM `hl_content` WHERE `node_id` = '94' AND `status` = 2 AND `types` in(100, 101) ORDER BY id desc LIMIT 1   [ RunTime:0.0010s ]
SQL: SELECT * FROM `hl_node` WHERE `pid` = 94  [ RunTime:0.0000s ]
SQL: SELECT `id`,`title`,`title_pic`,`types`,`release_time`,`node_id` FROM `hl_content` WHERE `node_id` = '96' AND `status` = 2 AND `types`  not in(100, 101)  ORDER BY orders desc  [ RunTime:0.0000s ]
SQL: SELECT `id`,`title`,`title_pic`,`types`,`release_time`,`node_id` FROM `hl_content` WHERE `node_id` = '97' AND `status` = 2 AND `types`  not in(100, 101)  ORDER BY orders desc  [ RunTime:0.0000s ]
SQL: SELECT `id`,`title`,`title_pic`,`types`,`release_time`,`node_id` FROM `hl_content` WHERE `node_id` = '98' AND `status` = 2 AND `types`  not in(100, 101)  ORDER BY orders desc  [ RunTime:0.0010s ]
SQL: SELECT `id`,`title`,`title_pic`,`types`,`release_time`,`node_id` FROM `hl_content` WHERE `node_id` = '99' AND `status` = 2 AND `types`  not in(100, 101)  ORDER BY orders desc  [ RunTime:0.0010s ]
SQL: SELECT `id`,`title`,`title_pic`,`types`,`release_time`,`node_id` FROM `hl_content` WHERE `node_id` = '100' AND `status` = 2 AND `types`  not in(100, 101)  ORDER BY orders desc  [ RunTime:0.0000s ]
INFO: [ app_end ] --START--
INFO: Run Behavior\ShowPageTraceBehavior [ RunTime:0.000000s ]
INFO: [ app_end ] --END-- [ RunTime:0.000000s ]

[ 2017-03-02T10:20:49+08:00 ] 192.168.1.158 /HLcmsAPI/HLcms/getNode?nodeID=96
INFO: [ app_init ] --START--
INFO: Run Behavior\BuildLiteBehavior [ RunTime:0.000000s ]
INFO: [ app_init ] --END-- [ RunTime:0.000000s ]
INFO: [ app_begin ] --START--
INFO: Run Behavior\ReadHtmlCacheBehavior [ RunTime:0.000000s ]
INFO: [ app_begin ] --END-- [ RunTime:0.000000s ]
SQL: SHOW COLUMNS FROM `hl_node` [ RunTime:0.0060s ]
SQL: SHOW COLUMNS FROM `hl_content` [ RunTime:0.0060s ]
SQL: SELECT `style` FROM `hl_node` WHERE `id` = 96 LIMIT 1   [ RunTime:0.0000s ]
SQL: SELECT `id`,`title`,`title_pic`,`types`,`release_time`,`node_id` FROM `hl_content` WHERE `node_id` = '96' AND `status` = 2 AND `types`  not in(100, 101)  ORDER BY orders desc  [ RunTime:0.0010s ]
INFO: [ app_end ] --START--
INFO: Run Behavior\ShowPageTraceBehavior [ RunTime:0.000000s ]
INFO: [ app_end ] --END-- [ RunTime:0.001000s ]

[ 2017-03-02T10:25:17+08:00 ] 192.168.1.158 /HLcmsAPI/HLcms/getNode?nodeID=94
INFO: [ app_init ] --START--
INFO: Run Behavior\BuildLiteBehavior [ RunTime:0.000000s ]
INFO: [ app_init ] --END-- [ RunTime:0.000000s ]
INFO: [ app_begin ] --START--
INFO: Run Behavior\ReadHtmlCacheBehavior [ RunTime:0.001000s ]
INFO: [ app_begin ] --END-- [ RunTime:0.001000s ]
SQL: SHOW COLUMNS FROM `hl_node` [ RunTime:0.0040s ]
SQL: SHOW COLUMNS FROM `hl_content` [ RunTime:0.0040s ]
SQL: SELECT `style` FROM `hl_node` WHERE `id` = 94 LIMIT 1   [ RunTime:0.0000s ]
SQL: SELECT * FROM `hl_node` WHERE `id` = 94 LIMIT 1   [ RunTime:0.0010s ]
SQL: SELECT `id`,`title`,`pic`,`videos` FROM `hl_content` WHERE `node_id` = '94' AND `status` = 2 AND `types` in(100, 101) ORDER BY id desc LIMIT 1   [ RunTime:0.0000s ]
SQL: SELECT * FROM `hl_node` WHERE `pid` = 94  [ RunTime:0.0010s ]
SQL: SELECT `id`,`title`,`title_pic`,`types`,`release_time`,`node_id` FROM `hl_content` WHERE `node_id` = '96' AND `status` = 2 AND `types`  not in(100, 101)  ORDER BY orders desc  [ RunTime:0.0010s ]
SQL: SELECT `id`,`title`,`title_pic`,`types`,`release_time`,`node_id` FROM `hl_content` WHERE `node_id` = '97' AND `status` = 2 AND `types`  not in(100, 101)  ORDER BY orders desc  [ RunTime:0.0000s ]
SQL: SELECT `id`,`title`,`title_pic`,`types`,`release_time`,`node_id` FROM `hl_content` WHERE `node_id` = '98' AND `status` = 2 AND `types`  not in(100, 101)  ORDER BY orders desc  [ RunTime:0.0000s ]
SQL: SELECT `id`,`title`,`title_pic`,`types`,`release_time`,`node_id` FROM `hl_content` WHERE `node_id` = '99' AND `status` = 2 AND `types`  not in(100, 101)  ORDER BY orders desc  [ RunTime:0.0010s ]
SQL: SELECT `id`,`title`,`title_pic`,`types`,`release_time`,`node_id` FROM `hl_content` WHERE `node_id` = '100' AND `status` = 2 AND `types`  not in(100, 101)  ORDER BY orders desc  [ RunTime:0.0000s ]
INFO: [ app_end ] --START--
INFO: Run Behavior\ShowPageTraceBehavior [ RunTime:0.001000s ]
INFO: [ app_end ] --END-- [ RunTime:0.001000s ]

[ 2017-03-02T10:25:17+08:00 ] 192.168.1.158 /HLcmsAPI/HLcms/getNode?nodeID=96
INFO: [ app_init ] --START--
INFO: Run Behavior\BuildLiteBehavior [ RunTime:0.000000s ]
INFO: [ app_init ] --END-- [ RunTime:0.000000s ]
INFO: [ app_begin ] --START--
INFO: Run Behavior\ReadHtmlCacheBehavior [ RunTime:0.000000s ]
INFO: [ app_begin ] --END-- [ RunTime:0.000000s ]
SQL: SHOW COLUMNS FROM `hl_node` [ RunTime:0.0090s ]
SQL: SHOW COLUMNS FROM `hl_content` [ RunTime:0.0080s ]
SQL: SELECT `style` FROM `hl_node` WHERE `id` = 96 LIMIT 1   [ RunTime:0.0000s ]
SQL: SELECT `id`,`title`,`title_pic`,`types`,`release_time`,`node_id` FROM `hl_content` WHERE `node_id` = '96' AND `status` = 2 AND `types`  not in(100, 101)  ORDER BY orders desc  [ RunTime:0.0010s ]
INFO: [ app_end ] --START--
INFO: Run Behavior\ShowPageTraceBehavior [ RunTime:0.000000s ]
INFO: [ app_end ] --END-- [ RunTime:0.000000s ]

[ 2017-03-02T10:26:50+08:00 ] 192.168.1.158 /HLcmsAPI/HLcms/getNode?nodeID=94
INFO: [ app_init ] --START--
INFO: Run Behavior\BuildLiteBehavior [ RunTime:0.000000s ]
INFO: [ app_init ] --END-- [ RunTime:0.001000s ]
INFO: [ app_begin ] --START--
INFO: Run Behavior\ReadHtmlCacheBehavior [ RunTime:0.000000s ]
INFO: [ app_begin ] --END-- [ RunTime:0.000000s ]
SQL: SHOW COLUMNS FROM `hl_node` [ RunTime:0.0100s ]
SQL: SHOW COLUMNS FROM `hl_content` [ RunTime:0.0100s ]
SQL: SELECT `style` FROM `hl_node` WHERE `id` = 94 LIMIT 1   [ RunTime:0.0000s ]
SQL: SELECT * FROM `hl_node` WHERE `id` = 94 LIMIT 1   [ RunTime:0.0010s ]
SQL: SELECT `id`,`title`,`pic`,`videos` FROM `hl_content` WHERE `node_id` = '94' AND `status` = 2 AND `types` in(100, 101) ORDER BY id desc LIMIT 1   [ RunTime:0.0020s ]
SQL: SELECT * FROM `hl_node` WHERE `pid` = 94  [ RunTime:0.0010s ]
SQL: SELECT `id`,`title`,`title_pic`,`types`,`release_time`,`node_id` FROM `hl_content` WHERE `node_id` = '96' AND `status` = 2 AND `types`  not in(100, 101)  ORDER BY orders desc  [ RunTime:0.0010s ]
SQL: SELECT `id`,`title`,`title_pic`,`types`,`release_time`,`node_id` FROM `hl_content` WHERE `node_id` = '97' AND `status` = 2 AND `types`  not in(100, 101)  ORDER BY orders desc  [ RunTime:0.0010s ]
SQL: SELECT `id`,`title`,`title_pic`,`types`,`release_time`,`node_id` FROM `hl_content` WHERE `node_id` = '98' AND `status` = 2 AND `types`  not in(100, 101)  ORDER BY orders desc  [ RunTime:0.0010s ]
SQL: SELECT `id`,`title`,`title_pic`,`types`,`release_time`,`node_id` FROM `hl_content` WHERE `node_id` = '99' AND `status` = 2 AND `types`  not in(100, 101)  ORDER BY orders desc  [ RunTime:0.0010s ]
SQL: SELECT `id`,`title`,`title_pic`,`types`,`release_time`,`node_id` FROM `hl_content` WHERE `node_id` = '100' AND `status` = 2 AND `types`  not in(100, 101)  ORDER BY orders desc  [ RunTime:0.0010s ]
INFO: [ app_end ] --START--
INFO: Run Behavior\ShowPageTraceBehavior [ RunTime:0.001000s ]
INFO: [ app_end ] --END-- [ RunTime:0.001000s ]

[ 2017-03-02T10:26:51+08:00 ] 192.168.1.158 /HLcmsAPI/HLcms/getNode?nodeID=96
INFO: [ app_init ] --START--
INFO: Run Behavior\BuildLiteBehavior [ RunTime:0.000000s ]
INFO: [ app_init ] --END-- [ RunTime:0.000000s ]
INFO: [ app_begin ] --START--
INFO: Run Behavior\ReadHtmlCacheBehavior [ RunTime:0.000000s ]
INFO: [ app_begin ] --END-- [ RunTime:0.000000s ]
SQL: SHOW COLUMNS FROM `hl_node` [ RunTime:0.0090s ]
SQL: SHOW COLUMNS FROM `hl_content` [ RunTime:0.0100s ]
SQL: SELECT `style` FROM `hl_node` WHERE `id` = 96 LIMIT 1   [ RunTime:0.0000s ]
SQL: SELECT `id`,`title`,`title_pic`,`types`,`release_time`,`node_id` FROM `hl_content` WHERE `node_id` = '96' AND `status` = 2 AND `types`  not in(100, 101)  ORDER BY orders desc  [ RunTime:0.0010s ]
INFO: [ app_end ] --START--
INFO: Run Behavior\ShowPageTraceBehavior [ RunTime:0.000000s ]
INFO: [ app_end ] --END-- [ RunTime:0.000000s ]

[ 2017-03-02T10:27:53+08:00 ] 192.168.1.158 /HLcmsAPI/HLcms/getNode?nodeID=94
INFO: [ app_init ] --START--
INFO: Run Behavior\BuildLiteBehavior [ RunTime:0.000000s ]
INFO: [ app_init ] --END-- [ RunTime:0.000000s ]
INFO: [ app_begin ] --START--
INFO: Run Behavior\ReadHtmlCacheBehavior [ RunTime:0.001000s ]
INFO: [ app_begin ] --END-- [ RunTime:0.001000s ]
SQL: SHOW COLUMNS FROM `hl_node` [ RunTime:0.0050s ]
SQL: SHOW COLUMNS FROM `hl_content` [ RunTime:0.0060s ]
SQL: SELECT `style` FROM `hl_node` WHERE `id` = 94 LIMIT 1   [ RunTime:0.0000s ]
SQL: SELECT * FROM `hl_node` WHERE `id` = 94 LIMIT 1   [ RunTime:0.0000s ]
SQL: SELECT `id`,`title`,`pic`,`videos` FROM `hl_content` WHERE `node_id` = '94' AND `status` = 2 AND `types` in(100, 101) ORDER BY id desc LIMIT 1   [ RunTime:0.0010s ]
SQL: SELECT * FROM `hl_node` WHERE `pid` = 94  [ RunTime:0.0010s ]
SQL: SELECT `id`,`title`,`title_pic`,`types`,`release_time`,`node_id` FROM `hl_content` WHERE `node_id` = '96' AND `status` = 2 AND `types`  not in(100, 101)  ORDER BY orders desc  [ RunTime:0.0010s ]
SQL: SELECT `id`,`title`,`title_pic`,`types`,`release_time`,`node_id` FROM `hl_content` WHERE `node_id` = '97' AND `status` = 2 AND `types`  not in(100, 101)  ORDER BY orders desc  [ RunTime:0.0000s ]
SQL: SELECT `id`,`title`,`title_pic`,`types`,`release_time`,`node_id` FROM `hl_content` WHERE `node_id` = '98' AND `status` = 2 AND `types`  not in(100, 101)  ORDER BY orders desc  [ RunTime:0.0000s ]
SQL: SELECT `id`,`title`,`title_pic`,`types`,`release_time`,`node_id` FROM `hl_content` WHERE `node_id` = '99' AND `status` = 2 AND `types`  not in(100, 101)  ORDER BY orders desc  [ RunTime:0.0010s ]
SQL: SELECT `id`,`title`,`title_pic`,`types`,`release_time`,`node_id` FROM `hl_content` WHERE `node_id` = '100' AND `status` = 2 AND `types`  not in(100, 101)  ORDER BY orders desc  [ RunTime:0.0010s ]
INFO: [ app_end ] --START--
INFO: Run Behavior\ShowPageTraceBehavior [ RunTime:0.000000s ]
INFO: [ app_end ] --END-- [ RunTime:0.000000s ]

[ 2017-03-02T10:27:53+08:00 ] 192.168.1.158 /HLcmsAPI/HLcms/getNode?nodeID=96
INFO: [ app_init ] --START--
INFO: Run Behavior\BuildLiteBehavior [ RunTime:0.000000s ]
INFO: [ app_init ] --END-- [ RunTime:0.000000s ]
INFO: [ app_begin ] --START--
INFO: Run Behavior\ReadHtmlCacheBehavior [ RunTime:0.000000s ]
INFO: [ app_begin ] --END-- [ RunTime:0.000000s ]
SQL: SHOW COLUMNS FROM `hl_node` [ RunTime:0.0060s ]
SQL: SHOW COLUMNS FROM `hl_content` [ RunTime:0.0050s ]
SQL: SELECT `style` FROM `hl_node` WHERE `id` = 96 LIMIT 1   [ RunTime:0.0000s ]
SQL: SELECT `id`,`title`,`title_pic`,`types`,`release_time`,`node_id` FROM `hl_content` WHERE `node_id` = '96' AND `status` = 2 AND `types`  not in(100, 101)  ORDER BY orders desc  [ RunTime:0.0010s ]
INFO: [ app_end ] --START--
INFO: Run Behavior\ShowPageTraceBehavior [ RunTime:0.000000s ]
INFO: [ app_end ] --END-- [ RunTime:0.000000s ]

[ 2017-03-02T10:28:01+08:00 ] 192.168.1.158 /HLcmsAPI/HLcms/getNode?nodeID=94
INFO: [ app_init ] --START--
INFO: Run Behavior\BuildLiteBehavior [ RunTime:0.000000s ]
INFO: [ app_init ] --END-- [ RunTime:0.001000s ]
INFO: [ app_begin ] --START--
INFO: Run Behavior\ReadHtmlCacheBehavior [ RunTime:0.000000s ]
INFO: [ app_begin ] --END-- [ RunTime:0.000000s ]
SQL: SHOW COLUMNS FROM `hl_node` [ RunTime:0.0110s ]
SQL: SHOW COLUMNS FROM `hl_content` [ RunTime:0.0110s ]
SQL: SELECT `style` FROM `hl_node` WHERE `id` = 94 LIMIT 1   [ RunTime:0.0000s ]
SQL: SELECT * FROM `hl_node` WHERE `id` = 94 LIMIT 1   [ RunTime:0.0010s ]
SQL: SELECT `id`,`title`,`pic`,`videos` FROM `hl_content` WHERE `node_id` = '94' AND `status` = 2 AND `types` in(100, 101) ORDER BY id desc LIMIT 1   [ RunTime:0.0020s ]
SQL: SELECT * FROM `hl_node` WHERE `pid` = 94  [ RunTime:0.0010s ]
SQL: SELECT `id`,`title`,`title_pic`,`types`,`release_time`,`node_id` FROM `hl_content` WHERE `node_id` = '96' AND `status` = 2 AND `types`  not in(100, 101)  ORDER BY orders desc  [ RunTime:0.0010s ]
SQL: SELECT `id`,`title`,`title_pic`,`types`,`release_time`,`node_id` FROM `hl_content` WHERE `node_id` = '97' AND `status` = 2 AND `types`  not in(100, 101)  ORDER BY orders desc  [ RunTime:0.0010s ]
SQL: SELECT `id`,`title`,`title_pic`,`types`,`release_time`,`node_id` FROM `hl_content` WHERE `node_id` = '98' AND `status` = 2 AND `types`  not in(100, 101)  ORDER BY orders desc  [ RunTime:0.0010s ]
SQL: SELECT `id`,`title`,`title_pic`,`types`,`release_time`,`node_id` FROM `hl_content` WHERE `node_id` = '99' AND `status` = 2 AND `types`  not in(100, 101)  ORDER BY orders desc  [ RunTime:0.0010s ]
SQL: SELECT `id`,`title`,`title_pic`,`types`,`release_time`,`node_id` FROM `hl_content` WHERE `node_id` = '100' AND `status` = 2 AND `types`  not in(100, 101)  ORDER BY orders desc  [ RunTime:0.0010s ]
INFO: [ app_end ] --START--
INFO: Run Behavior\ShowPageTraceBehavior [ RunTime:0.000000s ]
INFO: [ app_end ] --END-- [ RunTime:0.000000s ]

[ 2017-03-02T10:28:02+08:00 ] 192.168.1.158 /HLcmsAPI/HLcms/getNode?nodeID=97
INFO: [ app_init ] --START--
INFO: Run Behavior\BuildLiteBehavior [ RunTime:0.000000s ]
INFO: [ app_init ] --END-- [ RunTime:0.000000s ]
INFO: [ app_begin ] --START--
INFO: Run Behavior\ReadHtmlCacheBehavior [ RunTime:0.000000s ]
INFO: [ app_begin ] --END-- [ RunTime:0.000000s ]
SQL: SHOW COLUMNS FROM `hl_node` [ RunTime:0.0100s ]
SQL: SHOW COLUMNS FROM `hl_content` [ RunTime:0.0110s ]
SQL: SELECT `style` FROM `hl_node` WHERE `id` = 97 LIMIT 1   [ RunTime:0.0010s ]
SQL: SELECT `id`,`title`,`title_pic`,`types`,`release_time`,`node_id` FROM `hl_content` WHERE `node_id` = '97' AND `status` = 2 AND `types`  not in(100, 101)  ORDER BY orders desc  [ RunTime:0.0010s ]
INFO: [ app_end ] --START--
INFO: Run Behavior\ShowPageTraceBehavior [ RunTime:0.000000s ]
INFO: [ app_end ] --END-- [ RunTime:0.000000s ]

[ 2017-03-02T10:29:43+08:00 ] 192.168.1.158 /HLcmsAPI/HLcms/getNode?nodeID=94
INFO: [ app_init ] --START--
INFO: Run Behavior\BuildLiteBehavior [ RunTime:0.000000s ]
INFO: [ app_init ] --END-- [ RunTime:0.000000s ]
INFO: [ app_begin ] --START--
INFO: Run Behavior\ReadHtmlCacheBehavior [ RunTime:0.000000s ]
INFO: [ app_begin ] --END-- [ RunTime:0.000000s ]
SQL: SHOW COLUMNS FROM `hl_node` [ RunTime:0.0100s ]
SQL: SHOW COLUMNS FROM `hl_content` [ RunTime:0.0110s ]
SQL: SELECT `style` FROM `hl_node` WHERE `id` = 94 LIMIT 1   [ RunTime:0.0010s ]
SQL: SELECT * FROM `hl_node` WHERE `id` = 94 LIMIT 1   [ RunTime:0.0000s ]
SQL: SELECT `id`,`title`,`pic`,`videos` FROM `hl_content` WHERE `node_id` = '94' AND `status` = 2 AND `types` in(100, 101) ORDER BY id desc LIMIT 1   [ RunTime:0.0010s ]
SQL: SELECT * FROM `hl_node` WHERE `pid` = 94  [ RunTime:0.0010s ]
SQL: SELECT `id`,`title`,`title_pic`,`types`,`release_time`,`node_id` FROM `hl_content` WHERE `node_id` = '96' AND `status` = 2 AND `types`  not in(100, 101)  ORDER BY orders desc  [ RunTime:0.0010s ]
SQL: SELECT `id`,`title`,`title_pic`,`types`,`release_time`,`node_id` FROM `hl_content` WHERE `node_id` = '97' AND `status` = 2 AND `types`  not in(100, 101)  ORDER BY orders desc  [ RunTime:0.0000s ]
SQL: SELECT `id`,`title`,`title_pic`,`types`,`release_time`,`node_id` FROM `hl_content` WHERE `node_id` = '98' AND `status` = 2 AND `types`  not in(100, 101)  ORDER BY orders desc  [ RunTime:0.0000s ]
SQL: SELECT `id`,`title`,`title_pic`,`types`,`release_time`,`node_id` FROM `hl_content` WHERE `node_id` = '99' AND `status` = 2 AND `types`  not in(100, 101)  ORDER BY orders desc  [ RunTime:0.0010s ]
SQL: SELECT `id`,`title`,`title_pic`,`types`,`release_time`,`node_id` FROM `hl_content` WHERE `node_id` = '100' AND `status` = 2 AND `types`  not in(100, 101)  ORDER BY orders desc  [ RunTime:0.0010s ]
INFO: [ app_end ] --START--
INFO: Run Behavior\ShowPageTraceBehavior [ RunTime:0.000000s ]
INFO: [ app_end ] --END-- [ RunTime:0.000000s ]

[ 2017-03-02T10:29:43+08:00 ] 192.168.1.158 /HLcmsAPI/HLcms/getNode?nodeID=96
INFO: [ app_init ] --START--
INFO: Run Behavior\BuildLiteBehavior [ RunTime:0.000000s ]
INFO: [ app_init ] --END-- [ RunTime:0.000000s ]
INFO: [ app_begin ] --START--
INFO: Run Behavior\ReadHtmlCacheBehavior [ RunTime:0.000000s ]
INFO: [ app_begin ] --END-- [ RunTime:0.001001s ]
SQL: SHOW COLUMNS FROM `hl_node` [ RunTime:0.0060s ]
SQL: SHOW COLUMNS FROM `hl_content` [ RunTime:0.0050s ]
SQL: SELECT `style` FROM `hl_node` WHERE `id` = 96 LIMIT 1   [ RunTime:0.0000s ]
SQL: SELECT `id`,`title`,`title_pic`,`types`,`release_time`,`node_id` FROM `hl_content` WHERE `node_id` = '96' AND `status` = 2 AND `types`  not in(100, 101)  ORDER BY orders desc  [ RunTime:0.0010s ]
INFO: [ app_end ] --START--
INFO: Run Behavior\ShowPageTraceBehavior [ RunTime:0.000000s ]
INFO: [ app_end ] --END-- [ RunTime:0.000000s ]

[ 2017-03-02T10:33:47+08:00 ] 192.168.1.158 /HLcmsAPI/HLcms/getNode?nodeID=94
INFO: [ app_init ] --START--
INFO: Run Behavior\BuildLiteBehavior [ RunTime:0.000000s ]
INFO: [ app_init ] --END-- [ RunTime:0.000000s ]
INFO: [ app_begin ] --START--
INFO: Run Behavior\ReadHtmlCacheBehavior [ RunTime:0.001000s ]
INFO: [ app_begin ] --END-- [ RunTime:0.001000s ]
SQL: SHOW COLUMNS FROM `hl_node` [ RunTime:0.0100s ]
SQL: SHOW COLUMNS FROM `hl_content` [ RunTime:0.0100s ]
SQL: SELECT `style` FROM `hl_node` WHERE `id` = 94 LIMIT 1   [ RunTime:0.0000s ]
SQL: SELECT * FROM `hl_node` WHERE `id` = 94 LIMIT 1   [ RunTime:0.0010s ]
SQL: SELECT `id`,`title`,`pic`,`videos` FROM `hl_content` WHERE `node_id` = '94' AND `status` = 2 AND `types` in(100, 101) ORDER BY id desc LIMIT 1   [ RunTime:0.0010s ]
SQL: SELECT * FROM `hl_node` WHERE `pid` = 94  [ RunTime:0.0010s ]
SQL: SELECT `id`,`title`,`title_pic`,`types`,`release_time`,`node_id` FROM `hl_content` WHERE `node_id` = '96' AND `status` = 2 AND `types`  not in(100, 101)  ORDER BY orders desc  [ RunTime:0.0000s ]
SQL: SELECT `id`,`title`,`title_pic`,`types`,`release_time`,`node_id` FROM `hl_content` WHERE `node_id` = '97' AND `status` = 2 AND `types`  not in(100, 101)  ORDER BY orders desc  [ RunTime:0.0000s ]
SQL: SELECT `id`,`title`,`title_pic`,`types`,`release_time`,`node_id` FROM `hl_content` WHERE `node_id` = '98' AND `status` = 2 AND `types`  not in(100, 101)  ORDER BY orders desc  [ RunTime:0.0010s ]
SQL: SELECT `id`,`title`,`title_pic`,`types`,`release_time`,`node_id` FROM `hl_content` WHERE `node_id` = '99' AND `status` = 2 AND `types`  not in(100, 101)  ORDER BY orders desc  [ RunTime:0.0010s ]
SQL: SELECT `id`,`title`,`title_pic`,`types`,`release_time`,`node_id` FROM `hl_content` WHERE `node_id` = '100' AND `status` = 2 AND `types`  not in(100, 101)  ORDER BY orders desc  [ RunTime:0.0000s ]
INFO: [ app_end ] --START--
INFO: Run Behavior\ShowPageTraceBehavior [ RunTime:0.000000s ]
INFO: [ app_end ] --END-- [ RunTime:0.000000s ]

[ 2017-03-02T10:33:48+08:00 ] 192.168.1.158 /HLcmsAPI/HLcms/getNode?nodeID=96
INFO: [ app_init ] --START--
INFO: Run Behavior\BuildLiteBehavior [ RunTime:0.000000s ]
INFO: [ app_init ] --END-- [ RunTime:0.000000s ]
INFO: [ app_begin ] --START--
INFO: Run Behavior\ReadHtmlCacheBehavior [ RunTime:0.000000s ]
INFO: [ app_begin ] --END-- [ RunTime:0.000000s ]
SQL: SHOW COLUMNS FROM `hl_node` [ RunTime:0.0050s ]
SQL: SHOW COLUMNS FROM `hl_content` [ RunTime:0.0050s ]
SQL: SELECT `style` FROM `hl_node` WHERE `id` = 96 LIMIT 1   [ RunTime:0.0000s ]
SQL: SELECT `id`,`title`,`title_pic`,`types`,`release_time`,`node_id` FROM `hl_content` WHERE `node_id` = '96' AND `status` = 2 AND `types`  not in(100, 101)  ORDER BY orders desc  [ RunTime:0.0000s ]
INFO: [ app_end ] --START--
INFO: Run Behavior\ShowPageTraceBehavior [ RunTime:0.001000s ]
INFO: [ app_end ] --END-- [ RunTime:0.001000s ]

[ 2017-03-02T10:33:54+08:00 ] 192.168.1.158 /HLcmsAPI/HLcms/getNode?nodeID=94
INFO: [ app_init ] --START--
INFO: Run Behavior\BuildLiteBehavior [ RunTime:0.000000s ]
INFO: [ app_init ] --END-- [ RunTime:0.000000s ]
INFO: [ app_begin ] --START--
INFO: Run Behavior\ReadHtmlCacheBehavior [ RunTime:0.000000s ]
INFO: [ app_begin ] --END-- [ RunTime:0.000000s ]
SQL: SHOW COLUMNS FROM `hl_node` [ RunTime:0.0090s ]
SQL: SHOW COLUMNS FROM `hl_content` [ RunTime:0.0100s ]
SQL: SELECT `style` FROM `hl_node` WHERE `id` = 94 LIMIT 1   [ RunTime:0.0010s ]
SQL: SELECT * FROM `hl_node` WHERE `id` = 94 LIMIT 1   [ RunTime:0.0010s ]
SQL: SELECT `id`,`title`,`pic`,`videos` FROM `hl_content` WHERE `node_id` = '94' AND `status` = 2 AND `types` in(100, 101) ORDER BY id desc LIMIT 1   [ RunTime:0.0010s ]
SQL: SELECT * FROM `hl_node` WHERE `pid` = 94  [ RunTime:0.0010s ]
SQL: SELECT `id`,`title`,`title_pic`,`types`,`release_time`,`node_id` FROM `hl_content` WHERE `node_id` = '96' AND `status` = 2 AND `types`  not in(100, 101)  ORDER BY orders desc  [ RunTime:0.0010s ]
SQL: SELECT `id`,`title`,`title_pic`,`types`,`release_time`,`node_id` FROM `hl_content` WHERE `node_id` = '97' AND `status` = 2 AND `types`  not in(100, 101)  ORDER BY orders desc  [ RunTime:0.0010s ]
SQL: SELECT `id`,`title`,`title_pic`,`types`,`release_time`,`node_id` FROM `hl_content` WHERE `node_id` = '98' AND `status` = 2 AND `types`  not in(100, 101)  ORDER BY orders desc  [ RunTime:0.0010s ]
SQL: SELECT `id`,`title`,`title_pic`,`types`,`release_time`,`node_id` FROM `hl_content` WHERE `node_id` = '99' AND `status` = 2 AND `types`  not in(100, 101)  ORDER BY orders desc  [ RunTime:0.0010s ]
SQL: SELECT `id`,`title`,`title_pic`,`types`,`release_time`,`node_id` FROM `hl_content` WHERE `node_id` = '100' AND `status` = 2 AND `types`  not in(100, 101)  ORDER BY orders desc  [ RunTime:0.0010s ]
INFO: [ app_end ] --START--
INFO: Run Behavior\ShowPageTraceBehavior [ RunTime:0.000000s ]
INFO: [ app_end ] --END-- [ RunTime:0.001000s ]

[ 2017-03-02T10:33:54+08:00 ] 192.168.1.158 /HLcmsAPI/HLcms/getNode?nodeID=97
INFO: [ app_init ] --START--
INFO: Run Behavior\BuildLiteBehavior [ RunTime:0.000000s ]
INFO: [ app_init ] --END-- [ RunTime:0.000000s ]
INFO: [ app_begin ] --START--
INFO: Run Behavior\ReadHtmlCacheBehavior [ RunTime:0.000000s ]
INFO: [ app_begin ] --END-- [ RunTime:0.000000s ]
SQL: SHOW COLUMNS FROM `hl_node` [ RunTime:0.0100s ]
SQL: SHOW COLUMNS FROM `hl_content` [ RunTime:0.0250s ]
SQL: SELECT `style` FROM `hl_node` WHERE `id` = 97 LIMIT 1   [ RunTime:0.0010s ]
SQL: SELECT `id`,`title`,`title_pic`,`types`,`release_time`,`node_id` FROM `hl_content` WHERE `node_id` = '97' AND `status` = 2 AND `types`  not in(100, 101)  ORDER BY orders desc  [ RunTime:0.0010s ]
INFO: [ app_end ] --START--
INFO: Run Behavior\ShowPageTraceBehavior [ RunTime:0.000000s ]
INFO: [ app_end ] --END-- [ RunTime:0.000000s ]

[ 2017-03-02T10:35:23+08:00 ] 192.168.1.158 /HLcmsAPI/HLcms/getNode?nodeID=94
INFO: [ app_init ] --START--
INFO: Run Behavior\BuildLiteBehavior [ RunTime:0.000000s ]
INFO: [ app_init ] --END-- [ RunTime:0.000000s ]
INFO: [ app_begin ] --START--
INFO: Run Behavior\ReadHtmlCacheBehavior [ RunTime:0.001000s ]
INFO: [ app_begin ] --END-- [ RunTime:0.001000s ]
SQL: SHOW COLUMNS FROM `hl_node` [ RunTime:0.0090s ]
SQL: SHOW COLUMNS FROM `hl_content` [ RunTime:0.0100s ]
SQL: SELECT `style` FROM `hl_node` WHERE `id` = 94 LIMIT 1   [ RunTime:0.0010s ]
SQL: SELECT * FROM `hl_node` WHERE `id` = 94 LIMIT 1   [ RunTime:0.0000s ]
SQL: SELECT `id`,`title`,`pic`,`videos` FROM `hl_content` WHERE `node_id` = '94' AND `status` = 2 AND `types` in(100, 101) ORDER BY id desc LIMIT 1   [ RunTime:0.0000s ]
SQL: SELECT * FROM `hl_node` WHERE `pid` = 94  [ RunTime:0.0010s ]
SQL: SELECT `id`,`title`,`title_pic`,`types`,`release_time`,`node_id` FROM `hl_content` WHERE `node_id` = '96' AND `status` = 2 AND `types`  not in(100, 101)  ORDER BY orders desc  [ RunTime:0.0010s ]
SQL: SELECT `id`,`title`,`title_pic`,`types`,`release_time`,`node_id` FROM `hl_content` WHERE `node_id` = '97' AND `status` = 2 AND `types`  not in(100, 101)  ORDER BY orders desc  [ RunTime:0.0010s ]
SQL: SELECT `id`,`title`,`title_pic`,`types`,`release_time`,`node_id` FROM `hl_content` WHERE `node_id` = '98' AND `status` = 2 AND `types`  not in(100, 101)  ORDER BY orders desc  [ RunTime:0.0000s ]
SQL: SELECT `id`,`title`,`title_pic`,`types`,`release_time`,`node_id` FROM `hl_content` WHERE `node_id` = '99' AND `status` = 2 AND `types`  not in(100, 101)  ORDER BY orders desc  [ RunTime:0.0000s ]
SQL: SELECT `id`,`title`,`title_pic`,`types`,`release_time`,`node_id` FROM `hl_content` WHERE `node_id` = '100' AND `status` = 2 AND `types`  not in(100, 101)  ORDER BY orders desc  [ RunTime:0.0010s ]
INFO: [ app_end ] --START--
INFO: Run Behavior\ShowPageTraceBehavior [ RunTime:0.000000s ]
INFO: [ app_end ] --END-- [ RunTime:0.000000s ]

[ 2017-03-02T10:35:23+08:00 ] 192.168.1.158 /HLcmsAPI/HLcms/getNode?nodeID=96
INFO: [ app_init ] --START--
INFO: Run Behavior\BuildLiteBehavior [ RunTime:0.000000s ]
INFO: [ app_init ] --END-- [ RunTime:0.001000s ]
INFO: [ app_begin ] --START--
INFO: Run Behavior\ReadHtmlCacheBehavior [ RunTime:0.000000s ]
INFO: [ app_begin ] --END-- [ RunTime:0.000000s ]
SQL: SHOW COLUMNS FROM `hl_node` [ RunTime:0.0060s ]
SQL: SHOW COLUMNS FROM `hl_content` [ RunTime:0.0050s ]
SQL: SELECT `style` FROM `hl_node` WHERE `id` = 96 LIMIT 1   [ RunTime:0.0010s ]
SQL: SELECT `id`,`title`,`title_pic`,`types`,`release_time`,`node_id` FROM `hl_content` WHERE `node_id` = '96' AND `status` = 2 AND `types`  not in(100, 101)  ORDER BY orders desc  [ RunTime:0.0010s ]
INFO: [ app_end ] --START--
INFO: Run Behavior\ShowPageTraceBehavior [ RunTime:0.000000s ]
INFO: [ app_end ] --END-- [ RunTime:0.000000s ]

