[ 2016-06-29T11:15:29+08:00 ] ::1 /HLcmsAPI/Home/HLcms/phoneReg/phoneNumber/13705561231/phonePass/123456/phoneRePass/123456
INFO: [ app_init ] --START--
INFO: Run Behavior\BuildLiteBehavior [ RunTime:0.000024s ]
INFO: [ app_init ] --END-- [ RunTime:0.000675s ]
ERR: 无法加载模块:HLcmsAPI

[ 2016-06-29T11:15:31+08:00 ] ::1 /HLcmsAPI/Home/HLcms/phoneReg/phoneNumber/13705561231/phonePass/123456/phoneRePass/123456
INFO: [ app_init ] --START--
INFO: Run Behavior\BuildLiteBehavior [ RunTime:0.000024s ]
INFO: [ app_init ] --END-- [ RunTime:0.000596s ]
ERR: 无法加载模块:HLcmsAPI

[ 2016-06-29T11:15:32+08:00 ] ::1 /HLcmsAPI/Home/HLcms/phoneReg/phoneNumber/13705561231/phonePass/123456/phoneRePass/123456
INFO: [ app_init ] --START--
INFO: Run Behavior\BuildLiteBehavior [ RunTime:0.000028s ]
INFO: [ app_init ] --END-- [ RunTime:0.001098s ]
ERR: 无法加载模块:HLcmsAPI

[ 2016-06-29T11:15:52+08:00 ] ::1 /HLcmsAPI/Home/HLcms/phoneReg/phoneNumber/13705561231/phonePass/123456/phoneRePass/123456
INFO: [ app_init ] --START--
INFO: Run Behavior\BuildLiteBehavior [ RunTime:0.000027s ]
INFO: [ app_init ] --END-- [ RunTime:0.000690s ]
ERR: 无法加载模块:HLcmsAPI

[ 2016-06-29T11:15:52+08:00 ] ::1 /HLcmsAPI/Home/HLcms/phoneReg/phoneNumber/13705561231/phonePass/123456/phoneRePass/123456
INFO: [ app_init ] --START--
INFO: Run Behavior\BuildLiteBehavior [ RunTime:0.000030s ]
INFO: [ app_init ] --END-- [ RunTime:0.001037s ]
ERR: 无法加载模块:HLcmsAPI

[ 2016-06-29T11:15:55+08:00 ] ::1 /HLcmsAPI/Home/HLcms/phoneReg/phoneNumber/13705561231/phonePass/123456/phoneRePass/123456
INFO: [ app_init ] --START--
INFO: Run Behavior\BuildLiteBehavior [ RunTime:0.000029s ]
INFO: [ app_init ] --END-- [ RunTime:0.000711s ]
ERR: 无法加载模块:HLcmsAPI

[ 2016-06-29T11:15:56+08:00 ] ::1 /HLcmsAPI/Home/HLcms/phoneReg/phoneNumber/13705561231/phonePass/123456/phoneRePass/123456
INFO: [ app_init ] --START--
INFO: Run Behavior\BuildLiteBehavior [ RunTime:0.000031s ]
INFO: [ app_init ] --END-- [ RunTime:0.000537s ]
ERR: 无法加载模块:HLcmsAPI

[ 2016-06-29T11:17:09+08:00 ] ::1 /HLcmsAPI/Home/HLcms/phoneReg/phoneNumber/13705561231/phonePass/123456/phoneRePass/123456
INFO: [ app_init ] --START--
INFO: Run Behavior\BuildLiteBehavior [ RunTime:0.000025s ]
INFO: [ app_init ] --END-- [ RunTime:0.000617s ]
ERR: 无法加载模块:HLcmsAPI

[ 2016-06-29T11:17:11+08:00 ] ::1 /HLcmsAPI/Home/HLcms/phoneReg/phoneNumber/13705561231/phonePass/123456/phoneRePass/123456
INFO: [ app_init ] --START--
INFO: Run Behavior\BuildLiteBehavior [ RunTime:0.000032s ]
INFO: [ app_init ] --END-- [ RunTime:0.001159s ]
ERR: 无法加载模块:HLcmsAPI

[ 2016-06-29T11:17:12+08:00 ] ::1 /HLcmsAPI/Home/HLcms/phoneReg/phoneNumber/13705561231/phonePass/123456/phoneRePass/123456
INFO: [ app_init ] --START--
INFO: Run Behavior\BuildLiteBehavior [ RunTime:0.000105s ]
INFO: [ app_init ] --END-- [ RunTime:0.001001s ]
ERR: 无法加载模块:HLcmsAPI

[ 2016-06-29T11:17:12+08:00 ] ::1 /HLcmsAPI/Home/HLcms/phoneReg/phoneNumber/13705561231/phonePass/123456/phoneRePass/123456
INFO: [ app_init ] --START--
INFO: Run Behavior\BuildLiteBehavior [ RunTime:0.000029s ]
INFO: [ app_init ] --END-- [ RunTime:0.000998s ]
ERR: 无法加载模块:HLcmsAPI

[ 2016-06-29T11:17:12+08:00 ] ::1 /HLcmsAPI/Home/HLcms/phoneReg/phoneNumber/13705561231/phonePass/123456/phoneRePass/123456
INFO: [ app_init ] --START--
INFO: Run Behavior\BuildLiteBehavior [ RunTime:0.000029s ]
INFO: [ app_init ] --END-- [ RunTime:0.000823s ]
ERR: 无法加载模块:HLcmsAPI

[ 2016-06-29T11:17:28+08:00 ] 127.0.0.1 /HLcmsAPI/Home/HLcms/phoneReg/phoneNumber/13705561231/phonePass/123456/phoneRePass/123456
INFO: [ app_init ] --START--
INFO: Run Behavior\BuildLiteBehavior [ RunTime:0.000031s ]
INFO: [ app_init ] --END-- [ RunTime:0.000788s ]
ERR: 无法加载模块:HLcmsAPI

[ 2016-06-29T11:18:13+08:00 ] 127.0.0.1 /test.php
INFO: [ app_init ] --START--
INFO: Run Behavior\BuildLiteBehavior [ RunTime:0.000091s ]
INFO: [ app_init ] --END-- [ RunTime:0.008630s ]
ERR: 无法加载模块:Test

[ 2016-06-29T11:20:26+08:00 ] ::1 /HLcmsAPI/
INFO: [ app_init ] --START--
INFO: Run Behavior\BuildLiteBehavior [ RunTime:0.000033s ]
INFO: [ app_init ] --END-- [ RunTime:0.001099s ]
ERR: 无法加载模块:HLcmsAPI

[ 2016-06-29T11:20:33+08:00 ] 127.0.0.1 /HLcmsAPI/
INFO: [ app_init ] --START--
INFO: Run Behavior\BuildLiteBehavior [ RunTime:0.000029s ]
INFO: [ app_init ] --END-- [ RunTime:0.004111s ]
ERR: 无法加载模块:HLcmsAPI

[ 2016-06-29T11:20:33+08:00 ] 127.0.0.1 /favicon.ico
INFO: [ app_init ] --START--
INFO: Run Behavior\BuildLiteBehavior [ RunTime:0.000036s ]
INFO: [ app_init ] --END-- [ RunTime:0.000532s ]
ERR: 无法加载模块:Favicon

[ 2016-06-29T11:20:33+08:00 ] 127.0.0.1 /favicon.ico
INFO: [ app_init ] --START--
INFO: Run Behavior\BuildLiteBehavior [ RunTime:0.000021s ]
INFO: [ app_init ] --END-- [ RunTime:0.000518s ]
ERR: 无法加载模块:Favicon

[ 2016-06-29T11:23:12+08:00 ] 127.0.0.1 /Index/index
INFO: [ app_init ] --START--
INFO: Run Behavior\BuildLiteBehavior [ RunTime:0.000020s ]
INFO: [ app_init ] --END-- [ RunTime:0.000562s ]
ERR: 无法加载模块:Index

[ 2016-06-29T11:25:14+08:00 ] 127.0.0.1 /Index/index
INFO: [ app_init ] --START--
INFO: Run Behavior\BuildLiteBehavior [ RunTime:0.000024s ]
INFO: [ app_init ] --END-- [ RunTime:0.000625s ]
ERR: 无法加载模块:Index

[ 2016-06-29T11:25:20+08:00 ] 127.0.0.1 /Index/index
INFO: [ app_init ] --START--
INFO: Run Behavior\BuildLiteBehavior [ RunTime:0.000029s ]
INFO: [ app_init ] --END-- [ RunTime:0.000719s ]
ERR: 无法加载模块:Index

